1591590154564	mozrunner::runner	INFO	Running command: "/usr/bin/firefox" "-marionette" "-headless" "-foreground" "-no-remote" "-profile" "/tmp/rust_mozprofile8rsP6F"
*** You are running in headless mode.
1591590156629	Marionette	INFO	Listening on port 35153
1591590156673	Marionette	WARN	TLS certificate errors will be ignored for this session
1591590172711	mozrunner::runner	INFO	Running command: "/usr/bin/firefox" "-marionette" "-headless" "-foreground" "-no-remote" "-profile" "/tmp/rust_mozprofile4lHS4D"
*** You are running in headless mode.
Exiting due to channel error.
Exiting due to channel error.
1591590264114	mozrunner::runner	INFO	Running command: "/usr/bin/firefox" "-marionette" "-headless" "-foreground" "-no-remote" "-profile" "/tmp/rust_mozprofileoERSR7"
*** You are running in headless mode.
1591590275382	mozrunner::runner	INFO	Running command: "/usr/bin/firefox" "-marionette" "-headless" "-foreground" "-no-remote" "-profile" "/tmp/rust_mozprofile8cvs9k"
*** You are running in headless mode.
Exiting due to channel error.
Exiting due to channel error.
Exiting due to channel error.
1591590282923	mozrunner::runner	INFO	Running command: "/usr/bin/firefox" "-marionette" "-headless" "-foreground" "-no-remote" "-profile" "/tmp/rust_mozprofileBPwdYO"
*** You are running in headless mode.
1591590285004	Marionette	INFO	Listening on port 46371
1591590285037	Marionette	WARN	TLS certificate errors will be ignored for this session
1591590318362	mozrunner::runner	INFO	Running command: "/usr/bin/firefox" "-marionette" "-headless" "-foreground" "-no-remote" "-profile" "/tmp/rust_mozprofilevv8YAc"
*** You are running in headless mode.
1591590320453	Marionette	INFO	Listening on port 46453
1591590320489	Marionette	WARN	TLS certificate errors will be ignored for this session
1591590325683	mozrunner::runner	INFO	Running command: "/usr/bin/firefox" "-marionette" "-headless" "-foreground" "-no-remote" "-profile" "/tmp/rust_mozprofileNEkGZi"
*** You are running in headless mode.
1591590327844	Marionette	INFO	Listening on port 36945
1591590327909	Marionette	WARN	TLS certificate errors will be ignored for this session
1591590334115	mozrunner::runner	INFO	Running command: "/usr/bin/firefox" "-marionette" "-headless" "-foreground" "-no-remote" "-profile" "/tmp/rust_mozprofile4sU3c3"
*** You are running in headless mode.
Exiting due to channel error.
Exiting due to channel error.
Exiting due to channel error.
Exiting due to channel error.
Exiting due to channel error.
Exiting due to channel error.
Exiting due to channel error.
Exiting due to channel error.
1591590457928	mozrunner::runner	INFO	Running command: "/usr/bin/firefox" "-marionette" "-headless" "-foreground" "-no-remote" "-profile" "/tmp/rust_mozprofileuaIpO2"
*** You are running in headless mode.
1591590460076	Marionette	INFO	Listening on port 35115
1591590460134	Marionette	WARN	TLS certificate errors will be ignored for this session
1591590465015	mozrunner::runner	INFO	Running command: "/usr/bin/firefox" "-marionette" "-headless" "-foreground" "-no-remote" "-profile" "/tmp/rust_mozprofile5M8YPO"
*** You are running in headless mode.
1591590467176	Marionette	INFO	Listening on port 42207
1591590467223	Marionette	WARN	TLS certificate errors will be ignored for this session
1591590474038	mozrunner::runner	INFO	Running command: "/usr/bin/firefox" "-marionette" "-headless" "-foreground" "-no-remote" "-profile" "/tmp/rust_mozprofile3SoeFy"
*** You are running in headless mode.
1591590476418	Marionette	INFO	Listening on port 45953
1591590476454	Marionette	WARN	TLS certificate errors will be ignored for this session
1591590482119	mozrunner::runner	INFO	Running command: "/usr/bin/firefox" "-marionette" "-headless" "-foreground" "-no-remote" "-profile" "/tmp/rust_mozprofileuIvqHZ"
*** You are running in headless mode.
1591590484492	Marionette	INFO	Listening on port 33937
1591590484528	Marionette	WARN	TLS certificate errors will be ignored for this session
1591590490006	mozrunner::runner	INFO	Running command: "/usr/bin/firefox" "-marionette" "-headless" "-foreground" "-no-remote" "-profile" "/tmp/rust_mozprofilePj5dxL"
*** You are running in headless mode.
1591590492503	Marionette	INFO	Listening on port 41235
1591590492523	Marionette	WARN	TLS certificate errors will be ignored for this session
1591590498609	mozrunner::runner	INFO	Running command: "/usr/bin/firefox" "-marionette" "-headless" "-foreground" "-no-remote" "-profile" "/tmp/rust_mozprofileZAyDvg"
*** You are running in headless mode.
1591590501323	Marionette	INFO	Listening on port 40415
1591590501422	Marionette	WARN	TLS certificate errors will be ignored for this session
1591590506904	mozrunner::runner	INFO	Running command: "/usr/bin/firefox" "-marionette" "-headless" "-foreground" "-no-remote" "-profile" "/tmp/rust_mozprofilevJ6347"
*** You are running in headless mode.
1591590509653	Marionette	INFO	Listening on port 38485
1591590509717	Marionette	WARN	TLS certificate errors will be ignored for this session
1591590516634	mozrunner::runner	INFO	Running command: "/usr/bin/firefox" "-marionette" "-headless" "-foreground" "-no-remote" "-profile" "/tmp/rust_mozprofiletd3TkU"
*** You are running in headless mode.
1591590519595	Marionette	INFO	Listening on port 35965
1591590519646	Marionette	WARN	TLS certificate errors will be ignored for this session
1591590524967	mozrunner::runner	INFO	Running command: "/usr/bin/firefox" "-marionette" "-headless" "-foreground" "-no-remote" "-profile" "/tmp/rust_mozprofilevLFmR0"
*** You are running in headless mode.
1591590527896	Marionette	INFO	Listening on port 46837
1591590527979	Marionette	WARN	TLS certificate errors will be ignored for this session
